29/04/2015 14:51:54 (Std) 	+-+-+-+-+-+-+-+-+-+-+-+-+-+-+-+-+-+-+-+-+-+-+-+-+-+-+-+-+-+-+-+-+-+-+-+-+-+-+-+
29/04/2015 14:51:54 (Std) 	+                     Crazy Eddie's GUI System - Event log                    +
29/04/2015 14:51:54 (Std) 	+                          (http://www.cegui.org.uk/)                         +
29/04/2015 14:51:54 (Std) 	+-+-+-+-+-+-+-+-+-+-+-+-+-+-+-+-+-+-+-+-+-+-+-+-+-+-+-+-+-+-+-+-+-+-+-+-+-+-+-+

29/04/2015 14:51:54 (Std) 	CEGUI::Logger singleton created. (033FF898)
29/04/2015 14:51:54 (Std) 	
29/04/2015 14:51:54 (Std) 	********************************************************************************
29/04/2015 14:51:54 (Std) 	* Important:                                                                   *
29/04/2015 14:51:54 (Std) 	*     To get support at the CEGUI forums, you must post _at least_ the section *
29/04/2015 14:51:54 (Std) 	*     of this log file indicated below.  Failure to do this will result in no  *
29/04/2015 14:51:54 (Std) 	*     support being given; please do not waste our time.                       *
29/04/2015 14:51:54 (Std) 	********************************************************************************
29/04/2015 14:51:54 (Std) 	********************************************************************************
29/04/2015 14:51:54 (Std) 	* -------- START OF ESSENTIAL SECTION TO BE POSTED ON THE FORUM       -------- *
29/04/2015 14:51:54 (Std) 	********************************************************************************
29/04/2015 14:51:54 (Std) 	---- Version: 0.8.4 (Build: Apr 27 2015 Microsoft Windows MSVC++ 10.0 32 bit) ----
29/04/2015 14:51:54 (Std) 	---- Renderer module is: CEGUI::OgreRenderer - Official OGRE based 2nd generation renderer module. ----
29/04/2015 14:51:54 (Std) 	---- XML Parser module is: CEGUI::ExpatParser - Official expat based parser module for CEGUI ----
29/04/2015 14:51:54 (Std) 	---- Image Codec module is: OgreImageCodec - Integrated ImageCodec using the Ogre engine. ----
29/04/2015 14:51:54 (Std) 	---- Scripting module is: None ----
29/04/2015 14:51:54 (Std) 	********************************************************************************
29/04/2015 14:51:54 (Std) 	* -------- END OF ESSENTIAL SECTION TO BE POSTED ON THE FORUM         -------- *
29/04/2015 14:51:54 (Std) 	********************************************************************************
29/04/2015 14:51:54 (Std) 	
29/04/2015 14:51:54 (Std) 	---- Begining CEGUI System initialisation ----
29/04/2015 14:51:54 (Std) 	[CEGUI::ImageManager] Singleton created (033EA710)
29/04/2015 14:51:54 (Std) 	[CEGUI::ImageManager] Registered Image type: BasicImage
29/04/2015 14:51:54 (Std) 	CEGUI::FontManager singleton created. (033FFBD0)
29/04/2015 14:51:54 (Std) 	CEGUI::WindowFactoryManager singleton created
29/04/2015 14:51:54 (Std) 	CEGUI::WindowManager singleton created (033E11F8)
29/04/2015 14:51:54 (Std) 	CEGUI::SchemeManager singleton created. (03400BC8)
29/04/2015 14:51:54 (Std) 	CEGUI::GlobalEventSet singleton created. (033F51D0)
29/04/2015 14:51:54 (Std) 	CEGUI::AnimationManager singleton created (033E1248)
29/04/2015 14:51:54 (Std) 	CEGUI::WidgetLookManager singleton created. (033CC868)
29/04/2015 14:51:54 (Std) 	CEGUI::WindowRendererManager singleton created (033CC888)
29/04/2015 14:51:54 (Std) 	CEGUI::RenderEffectManager singleton created (033FD718)
29/04/2015 14:51:54 (Std) 	Created WindowFactory for 'DefaultWindow' windows.
29/04/2015 14:51:54 (Std) 	WindowFactory for 'DefaultWindow' windows added. (0340B2F0)
29/04/2015 14:51:54 (Std) 	Created WindowFactory for 'DragContainer' windows.
29/04/2015 14:51:54 (Std) 	WindowFactory for 'DragContainer' windows added. (0340B398)
29/04/2015 14:51:54 (Std) 	Created WindowFactory for 'ScrolledContainer' windows.
29/04/2015 14:51:54 (Std) 	WindowFactory for 'ScrolledContainer' windows added. (0340B440)
29/04/2015 14:51:54 (Std) 	Created WindowFactory for 'ClippedContainer' windows.
29/04/2015 14:51:54 (Std) 	WindowFactory for 'ClippedContainer' windows added. (0340B4E8)
29/04/2015 14:51:54 (Std) 	Created WindowFactory for 'CEGUI/PushButton' windows.
29/04/2015 14:51:54 (Std) 	WindowFactory for 'CEGUI/PushButton' windows added. (0340B590)
29/04/2015 14:51:54 (Std) 	Created WindowFactory for 'CEGUI/RadioButton' windows.
29/04/2015 14:51:54 (Std) 	WindowFactory for 'CEGUI/RadioButton' windows added. (0340B638)
29/04/2015 14:51:54 (Std) 	Created WindowFactory for 'CEGUI/Combobox' windows.
29/04/2015 14:51:54 (Std) 	WindowFactory for 'CEGUI/Combobox' windows added. (0340B6E0)
29/04/2015 14:51:54 (Std) 	Created WindowFactory for 'CEGUI/ComboDropList' windows.
29/04/2015 14:51:54 (Std) 	WindowFactory for 'CEGUI/ComboDropList' windows added. (0340B788)
29/04/2015 14:51:54 (Std) 	Created WindowFactory for 'CEGUI/Editbox' windows.
29/04/2015 14:51:54 (Std) 	WindowFactory for 'CEGUI/Editbox' windows added. (0340B830)
29/04/2015 14:51:54 (Std) 	Created WindowFactory for 'CEGUI/FrameWindow' windows.
29/04/2015 14:51:54 (Std) 	WindowFactory for 'CEGUI/FrameWindow' windows added. (0340B8D8)
29/04/2015 14:51:54 (Std) 	Created WindowFactory for 'CEGUI/ItemEntry' windows.
29/04/2015 14:51:54 (Std) 	WindowFactory for 'CEGUI/ItemEntry' windows added. (0340B980)
29/04/2015 14:51:54 (Std) 	Created WindowFactory for 'CEGUI/Listbox' windows.
29/04/2015 14:51:54 (Std) 	WindowFactory for 'CEGUI/Listbox' windows added. (0340BA28)
29/04/2015 14:51:54 (Std) 	Created WindowFactory for 'CEGUI/ListHeader' windows.
29/04/2015 14:51:54 (Std) 	WindowFactory for 'CEGUI/ListHeader' windows added. (0340BAD0)
29/04/2015 14:51:54 (Std) 	Created WindowFactory for 'CEGUI/ListHeaderSegment' windows.
29/04/2015 14:51:54 (Std) 	WindowFactory for 'CEGUI/ListHeaderSegment' windows added. (0340BB78)
29/04/2015 14:51:54 (Std) 	Created WindowFactory for 'CEGUI/Menubar' windows.
29/04/2015 14:51:54 (Std) 	WindowFactory for 'CEGUI/Menubar' windows added. (0340BC20)
29/04/2015 14:51:54 (Std) 	Created WindowFactory for 'CEGUI/PopupMenu' windows.
29/04/2015 14:51:54 (Std) 	WindowFactory for 'CEGUI/PopupMenu' windows added. (0340BCC8)
29/04/2015 14:51:54 (Std) 	Created WindowFactory for 'CEGUI/MenuItem' windows.
29/04/2015 14:51:54 (Std) 	WindowFactory for 'CEGUI/MenuItem' windows added. (0340BD70)
29/04/2015 14:51:54 (Std) 	Created WindowFactory for 'CEGUI/MultiColumnList' windows.
29/04/2015 14:51:54 (Std) 	WindowFactory for 'CEGUI/MultiColumnList' windows added. (0340BE18)
29/04/2015 14:51:54 (Std) 	Created WindowFactory for 'CEGUI/MultiLineEditbox' windows.
29/04/2015 14:51:54 (Std) 	WindowFactory for 'CEGUI/MultiLineEditbox' windows added. (0340BEC0)
29/04/2015 14:51:54 (Std) 	Created WindowFactory for 'CEGUI/ProgressBar' windows.
29/04/2015 14:51:54 (Std) 	WindowFactory for 'CEGUI/ProgressBar' windows added. (0340BF68)
29/04/2015 14:51:54 (Std) 	Created WindowFactory for 'CEGUI/ScrollablePane' windows.
29/04/2015 14:51:54 (Std) 	WindowFactory for 'CEGUI/ScrollablePane' windows added. (0340C010)
29/04/2015 14:51:54 (Std) 	Created WindowFactory for 'CEGUI/Scrollbar' windows.
29/04/2015 14:51:54 (Std) 	WindowFactory for 'CEGUI/Scrollbar' windows added. (0340C0B8)
29/04/2015 14:51:54 (Std) 	Created WindowFactory for 'CEGUI/Slider' windows.
29/04/2015 14:51:54 (Std) 	WindowFactory for 'CEGUI/Slider' windows added. (0340C160)
29/04/2015 14:51:54 (Std) 	Created WindowFactory for 'CEGUI/Spinner' windows.
29/04/2015 14:51:54 (Std) 	WindowFactory for 'CEGUI/Spinner' windows added. (0340C208)
29/04/2015 14:51:54 (Std) 	Created WindowFactory for 'CEGUI/TabButton' windows.
29/04/2015 14:51:54 (Std) 	WindowFactory for 'CEGUI/TabButton' windows added. (0340C2B0)
29/04/2015 14:51:54 (Std) 	Created WindowFactory for 'CEGUI/TabControl' windows.
29/04/2015 14:51:54 (Std) 	WindowFactory for 'CEGUI/TabControl' windows added. (0340C358)
29/04/2015 14:51:54 (Std) 	Created WindowFactory for 'CEGUI/Thumb' windows.
29/04/2015 14:51:54 (Std) 	WindowFactory for 'CEGUI/Thumb' windows added. (0340C400)
29/04/2015 14:51:54 (Std) 	Created WindowFactory for 'CEGUI/Titlebar' windows.
29/04/2015 14:51:54 (Std) 	WindowFactory for 'CEGUI/Titlebar' windows added. (0340C4A8)
29/04/2015 14:51:54 (Std) 	Created WindowFactory for 'CEGUI/ToggleButton' windows.
29/04/2015 14:51:54 (Std) 	WindowFactory for 'CEGUI/ToggleButton' windows added. (0340C550)
29/04/2015 14:51:54 (Std) 	Created WindowFactory for 'CEGUI/Tooltip' windows.
29/04/2015 14:51:54 (Std) 	WindowFactory for 'CEGUI/Tooltip' windows added. (0340C5F8)
29/04/2015 14:51:54 (Std) 	Created WindowFactory for 'CEGUI/ItemListbox' windows.
29/04/2015 14:51:54 (Std) 	WindowFactory for 'CEGUI/ItemListbox' windows added. (0340C6A0)
29/04/2015 14:51:54 (Std) 	Created WindowFactory for 'CEGUI/GroupBox' windows.
29/04/2015 14:51:54 (Std) 	WindowFactory for 'CEGUI/GroupBox' windows added. (0340C748)
29/04/2015 14:51:54 (Std) 	Created WindowFactory for 'CEGUI/Tree' windows.
29/04/2015 14:51:54 (Std) 	WindowFactory for 'CEGUI/Tree' windows added. (0340C7F0)
29/04/2015 14:51:54 (Std) 	Created WindowFactory for 'LayoutCell' windows.
29/04/2015 14:51:54 (Std) 	WindowFactory for 'LayoutCell' windows added. (0340C898)
29/04/2015 14:51:54 (Std) 	Created WindowFactory for 'HorizontalLayoutContainer' windows.
29/04/2015 14:51:54 (Std) 	WindowFactory for 'HorizontalLayoutContainer' windows added. (0340C940)
29/04/2015 14:51:54 (Std) 	Created WindowFactory for 'VerticalLayoutContainer' windows.
29/04/2015 14:51:54 (Std) 	WindowFactory for 'VerticalLayoutContainer' windows added. (0340C9E8)
29/04/2015 14:51:54 (Std) 	Created WindowFactory for 'GridLayoutContainer' windows.
29/04/2015 14:51:54 (Std) 	WindowFactory for 'GridLayoutContainer' windows added. (0340CA90)
29/04/2015 14:51:54 (Std) 	CEGUI::System singleton created. (033FF530)
29/04/2015 14:51:54 (Std) 	---- CEGUI System initialisation completed ----
29/04/2015 14:51:54 (Std) 	
29/04/2015 14:51:54 (Std) 	Started creation of Scheme from XML specification:
29/04/2015 14:51:54 (Std) 	---- CEGUI GUIScheme name: TaharezLook
29/04/2015 14:51:54 (Std) 	[ImageManager] Started creation of Imageset from XML specification:
29/04/2015 14:51:54 (Std) 	[ImageManager] ---- CEGUI Imageset name: TaharezLook
29/04/2015 14:51:54 (Std) 	[ImageManager] ---- Source texture file: TaharezLook.png
29/04/2015 14:51:54 (Std) 	[ImageManager] ---- Source texture resource group: (Default)
29/04/2015 14:51:54 (Std) 	[OgreRenderer] Created texture: TaharezLook
29/04/2015 14:51:54 (Std) 	[ImageManager] Created image: 'TaharezLook/ClientBrush' (03407B28) of type: BasicImage
29/04/2015 14:51:54 (Std) 	[ImageManager] Created image: 'TaharezLook/GenericBrush' (034328B0) of type: BasicImage
29/04/2015 14:51:54 (Std) 	[ImageManager] Created image: 'TaharezLook/WindowLeftEdge' (034329A0) of type: BasicImage
29/04/2015 14:51:54 (Std) 	[ImageManager] Created image: 'TaharezLook/WindowRightEdge' (03432A90) of type: BasicImage
29/04/2015 14:51:54 (Std) 	[ImageManager] Created image: 'TaharezLook/WindowTopEdge' (0342E190) of type: BasicImage
29/04/2015 14:51:54 (Std) 	[ImageManager] Created image: 'TaharezLook/WindowBottomEdge' (0342E280) of type: BasicImage
29/04/2015 14:51:54 (Std) 	[ImageManager] Created image: 'TaharezLook/WindowTopLeft' (0342E370) of type: BasicImage
29/04/2015 14:51:54 (Std) 	[ImageManager] Created image: 'TaharezLook/WindowTopRight' (034066F8) of type: BasicImage
29/04/2015 14:51:54 (Std) 	[ImageManager] Created image: 'TaharezLook/WindowBottomLeft' (03466ED0) of type: BasicImage
29/04/2015 14:51:54 (Std) 	[ImageManager] Created image: 'TaharezLook/WindowBottomRight' (03466FC0) of type: BasicImage
29/04/2015 14:51:54 (Std) 	[ImageManager] Created image: 'TaharezLook/ButtonLeftNormal' (034670B0) of type: BasicImage
29/04/2015 14:51:54 (Std) 	[ImageManager] Created image: 'TaharezLook/ButtonMiddleNormal' (034671A0) of type: BasicImage
29/04/2015 14:51:54 (Std) 	[ImageManager] Created image: 'TaharezLook/ButtonRightNormal' (03467290) of type: BasicImage
29/04/2015 14:51:54 (Std) 	[ImageManager] Created image: 'TaharezLook/ButtonLeftPushed' (03467380) of type: BasicImage
29/04/2015 14:51:54 (Std) 	[ImageManager] Created image: 'TaharezLook/ButtonMiddlePushed' (03467470) of type: BasicImage
29/04/2015 14:51:54 (Std) 	[ImageManager] Created image: 'TaharezLook/ButtonRightPushed' (03467560) of type: BasicImage
29/04/2015 14:51:54 (Std) 	[ImageManager] Created image: 'TaharezLook/ButtonLeftHighlight' (03467650) of type: BasicImage
29/04/2015 14:51:54 (Std) 	[ImageManager] Created image: 'TaharezLook/ButtonMiddleHighlight' (03467740) of type: BasicImage
29/04/2015 14:51:54 (Std) 	[ImageManager] Created image: 'TaharezLook/ButtonRightHighlight' (03467830) of type: BasicImage
29/04/2015 14:51:54 (Std) 	[ImageManager] Created image: 'TaharezLook/CheckboxNormal' (03467920) of type: BasicImage
29/04/2015 14:51:54 (Std) 	[ImageManager] Created image: 'TaharezLook/CheckboxHover' (03467A10) of type: BasicImage
29/04/2015 14:51:54 (Std) 	[ImageManager] Created image: 'TaharezLook/CheckboxMark' (03467B00) of type: BasicImage
29/04/2015 14:51:54 (Std) 	[ImageManager] Created image: 'TaharezLook/RadioButtonNormal' (03467BF0) of type: BasicImage
29/04/2015 14:51:54 (Std) 	[ImageManager] Created image: 'TaharezLook/RadioButtonHover' (03467CE0) of type: BasicImage
29/04/2015 14:51:54 (Std) 	[ImageManager] Created image: 'TaharezLook/RadioButtonMark' (03467DD0) of type: BasicImage
29/04/2015 14:51:54 (Std) 	[ImageManager] Created image: 'TaharezLook/TitlebarLeft' (03467EC0) of type: BasicImage
29/04/2015 14:51:54 (Std) 	[ImageManager] Created image: 'TaharezLook/TitlebarMiddle' (03467FB0) of type: BasicImage
29/04/2015 14:51:54 (Std) 	[ImageManager] Created image: 'TaharezLook/TitlebarRight' (034680A0) of type: BasicImage
29/04/2015 14:51:54 (Std) 	[ImageManager] Created image: 'TaharezLook/NewTitlebarLeft' (03468190) of type: BasicImage
29/04/2015 14:51:54 (Std) 	[ImageManager] Created image: 'TaharezLook/NewTitlebarMiddle' (03468280) of type: BasicImage
29/04/2015 14:51:54 (Std) 	[ImageManager] Created image: 'TaharezLook/NewTitlebarRight' (03468370) of type: BasicImage
29/04/2015 14:51:54 (Std) 	[ImageManager] Created image: 'TaharezLook/SysAreaMiddle' (03468460) of type: BasicImage
29/04/2015 14:51:54 (Std) 	[ImageManager] Created image: 'TaharezLook/SysAreaRight' (03468550) of type: BasicImage
29/04/2015 14:51:54 (Std) 	[ImageManager] Created image: 'TaharezLook/StaticLeft' (03468640) of type: BasicImage
29/04/2015 14:51:54 (Std) 	[ImageManager] Created image: 'TaharezLook/StaticRight' (03468730) of type: BasicImage
29/04/2015 14:51:54 (Std) 	[ImageManager] Created image: 'TaharezLook/StaticTop' (03468820) of type: BasicImage
29/04/2015 14:51:54 (Std) 	[ImageManager] Created image: 'TaharezLook/StaticBottom' (03468910) of type: BasicImage
29/04/2015 14:51:54 (Std) 	[ImageManager] Created image: 'TaharezLook/StaticTopLeft' (03468A00) of type: BasicImage
29/04/2015 14:51:54 (Std) 	[ImageManager] Created image: 'TaharezLook/StaticTopRight' (03468AF0) of type: BasicImage
29/04/2015 14:51:54 (Std) 	[ImageManager] Created image: 'TaharezLook/StaticBottomLeft' (03468BE0) of type: BasicImage
29/04/2015 14:51:54 (Std) 	[ImageManager] Created image: 'TaharezLook/StaticBottomRight' (03468CD0) of type: BasicImage
29/04/2015 14:51:54 (Std) 	[ImageManager] Created image: 'TaharezLook/StaticBackdrop' (03468DC0) of type: BasicImage
29/04/2015 14:51:54 (Std) 	[ImageManager] Created image: 'TaharezLook/ProgressBarLeft' (0346AED0) of type: BasicImage
29/04/2015 14:51:54 (Std) 	[ImageManager] Created image: 'TaharezLook/ProgressBarMiddle' (0346AFC0) of type: BasicImage
29/04/2015 14:51:54 (Std) 	[ImageManager] Created image: 'TaharezLook/ProgressBarRight' (0346B0B0) of type: BasicImage
29/04/2015 14:51:54 (Std) 	[ImageManager] Created image: 'TaharezLook/ProgressBarDimSegment' (0346B1A0) of type: BasicImage
29/04/2015 14:51:54 (Std) 	[ImageManager] Created image: 'TaharezLook/ProgressBarLitSegment' (0346B290) of type: BasicImage
29/04/2015 14:51:54 (Std) 	[ImageManager] Created image: 'TaharezLook/EditBoxLeft' (0346B380) of type: BasicImage
29/04/2015 14:51:54 (Std) 	[ImageManager] Created image: 'TaharezLook/EditBoxMiddle' (0346B470) of type: BasicImage
29/04/2015 14:51:54 (Std) 	[ImageManager] Created image: 'TaharezLook/EditBoxRight' (0346B560) of type: BasicImage
29/04/2015 14:51:54 (Std) 	[ImageManager] Created image: 'TaharezLook/EditBoxCaret' (0346B650) of type: BasicImage
29/04/2015 14:51:54 (Std) 	[ImageManager] Created image: 'TaharezLook/SpinnerUpNormal' (0346B740) of type: BasicImage
29/04/2015 14:51:54 (Std) 	[ImageManager] Created image: 'TaharezLook/SpinnerDownNormal' (0346B830) of type: BasicImage
29/04/2015 14:51:54 (Std) 	[ImageManager] Created image: 'TaharezLook/SpinnerUpHover' (0346B920) of type: BasicImage
29/04/2015 14:51:54 (Std) 	[ImageManager] Created image: 'TaharezLook/SpinnerDownHover' (0346BA10) of type: BasicImage
29/04/2015 14:51:54 (Std) 	[ImageManager] Created image: 'TaharezLook/TextSelectionBrush' (0346BB00) of type: BasicImage
29/04/2015 14:51:54 (Std) 	[ImageManager] Created image: 'TaharezLook/VertScrollTop' (0346BBF0) of type: BasicImage
29/04/2015 14:51:54 (Std) 	[ImageManager] Created image: 'TaharezLook/VertScrollMiddle' (0346BCE0) of type: BasicImage
29/04/2015 14:51:54 (Std) 	[ImageManager] Created image: 'TaharezLook/VertScrollBottom' (0346BDD0) of type: BasicImage
29/04/2015 14:51:54 (Std) 	[ImageManager] Created image: 'TaharezLook/VertScrollBarSegment' (0346BEC0) of type: BasicImage
29/04/2015 14:51:54 (Std) 	[ImageManager] Created image: 'TaharezLook/VertScrollThumbNormal' (0346BFB0) of type: BasicImage
29/04/2015 14:51:54 (Std) 	[ImageManager] Created image: 'TaharezLook/VertScrollThumbHover' (0346C0A0) of type: BasicImage
29/04/2015 14:51:54 (Std) 	[ImageManager] Created image: 'TaharezLook/VertScrollUpNormal' (0346C190) of type: BasicImage
29/04/2015 14:51:54 (Std) 	[ImageManager] Created image: 'TaharezLook/VertScrollDownNormal' (0346C280) of type: BasicImage
29/04/2015 14:51:54 (Std) 	[ImageManager] Created image: 'TaharezLook/VertScrollUpHover' (0346C370) of type: BasicImage
29/04/2015 14:51:54 (Std) 	[ImageManager] Created image: 'TaharezLook/VertScrollDownHover' (0346C460) of type: BasicImage
29/04/2015 14:51:54 (Std) 	[ImageManager] Created image: 'TaharezLook/MiniVertScrollBarSegment' (0346C550) of type: BasicImage
29/04/2015 14:51:54 (Std) 	[ImageManager] Created image: 'TaharezLook/MiniVertScrollThumbNormal' (0346C640) of type: BasicImage
29/04/2015 14:51:54 (Std) 	[ImageManager] Created image: 'TaharezLook/MiniVertScrollThumbTopNormal' (0346C730) of type: BasicImage
29/04/2015 14:51:54 (Std) 	[ImageManager] Created image: 'TaharezLook/MiniVertScrollThumbMiddleNormal' (0346C820) of type: BasicImage
29/04/2015 14:51:54 (Std) 	[ImageManager] Created image: 'TaharezLook/MiniVertScrollThumbBottomNormal' (0346C910) of type: BasicImage
29/04/2015 14:51:54 (Std) 	[ImageManager] Created image: 'TaharezLook/MiniVertScrollThumbTopHover' (0346CA00) of type: BasicImage
29/04/2015 14:51:54 (Std) 	[ImageManager] Created image: 'TaharezLook/MiniVertScrollThumbMiddleHover' (0346CAF0) of type: BasicImage
29/04/2015 14:51:54 (Std) 	[ImageManager] Created image: 'TaharezLook/MiniVertScrollThumbBottomHover' (0346CBE0) of type: BasicImage
29/04/2015 14:51:54 (Std) 	[ImageManager] Created image: 'TaharezLook/MiniVertScrollThumbHover' (0346CCD0) of type: BasicImage
29/04/2015 14:51:54 (Std) 	[ImageManager] Created image: 'TaharezLook/MiniVertScrollUpNormal' (0346CDC0) of type: BasicImage
29/04/2015 14:51:54 (Std) 	[ImageManager] Created image: 'TaharezLook/MiniVertScrollDownNormal' (034AF6E8) of type: BasicImage
29/04/2015 14:51:54 (Std) 	[ImageManager] Created image: 'TaharezLook/MiniVertScrollUpHover' (034AF7D8) of type: BasicImage
29/04/2015 14:51:54 (Std) 	[ImageManager] Created image: 'TaharezLook/MiniVertScrollDownHover' (034AF8C8) of type: BasicImage
29/04/2015 14:51:54 (Std) 	[ImageManager] Created image: 'TaharezLook/VertSliderBody' (034AF9B8) of type: BasicImage
29/04/2015 14:51:54 (Std) 	[ImageManager] Created image: 'TaharezLook/VertSliderThumbNormal' (034AFAA8) of type: BasicImage
29/04/2015 14:51:54 (Std) 	[ImageManager] Created image: 'TaharezLook/VertSliderThumbHover' (034AFB98) of type: BasicImage
29/04/2015 14:51:54 (Std) 	[ImageManager] Created image: 'TaharezLook/MiniHorzScrollBarSegment' (034AFC88) of type: BasicImage
29/04/2015 14:51:54 (Std) 	[ImageManager] Created image: 'TaharezLook/MiniHorzScrollThumbNormal' (034AFD78) of type: BasicImage
29/04/2015 14:51:54 (Std) 	[ImageManager] Created image: 'TaharezLook/MiniHorzScrollThumbLeftNormal' (034AFE68) of type: BasicImage
29/04/2015 14:51:54 (Std) 	[ImageManager] Created image: 'TaharezLook/MiniHorzScrollThumbMiddleNormal' (034AFF58) of type: BasicImage
29/04/2015 14:51:54 (Std) 	[ImageManager] Created image: 'TaharezLook/MiniHorzScrollThumbRightNormal' (034B0048) of type: BasicImage
29/04/2015 14:51:54 (Std) 	[ImageManager] Created image: 'TaharezLook/MiniHorzScrollThumbHover' (034B0138) of type: BasicImage
29/04/2015 14:51:54 (Std) 	[ImageManager] Created image: 'TaharezLook/MiniHorzScrollThumbLeftHover' (034B0228) of type: BasicImage
29/04/2015 14:51:54 (Std) 	[ImageManager] Created image: 'TaharezLook/MiniHorzScrollThumbMiddleHover' (034B0318) of type: BasicImage
29/04/2015 14:51:54 (Std) 	[ImageManager] Created image: 'TaharezLook/MiniHorzScrollThumbRightHover' (034B0408) of type: BasicImage
29/04/2015 14:51:54 (Std) 	[ImageManager] Created image: 'TaharezLook/MiniHorzScrollLeftNormal' (034B04F8) of type: BasicImage
29/04/2015 14:51:54 (Std) 	[ImageManager] Created image: 'TaharezLook/MiniHorzScrollRightNormal' (034B05E8) of type: BasicImage
29/04/2015 14:51:54 (Std) 	[ImageManager] Created image: 'TaharezLook/MiniHorzScrollLeftHover' (034B06D8) of type: BasicImage
29/04/2015 14:51:54 (Std) 	[ImageManager] Created image: 'TaharezLook/MiniHorzScrollRightHover' (034B07C8) of type: BasicImage
29/04/2015 14:51:54 (Std) 	[ImageManager] Created image: 'TaharezLook/ListboxLeft' (034B08B8) of type: BasicImage
29/04/2015 14:51:54 (Std) 	[ImageManager] Created image: 'TaharezLook/ListboxRight' (034B09A8) of type: BasicImage
29/04/2015 14:51:54 (Std) 	[ImageManager] Created image: 'TaharezLook/ListboxTop' (034B0A98) of type: BasicImage
29/04/2015 14:51:54 (Std) 	[ImageManager] Created image: 'TaharezLook/ListboxBottom' (034B0B88) of type: BasicImage
29/04/2015 14:51:54 (Std) 	[ImageManager] Created image: 'TaharezLook/ListboxTopLeft' (034B0C78) of type: BasicImage
29/04/2015 14:51:54 (Std) 	[ImageManager] Created image: 'TaharezLook/ListboxTopRight' (034B0D68) of type: BasicImage
29/04/2015 14:51:54 (Std) 	[ImageManager] Created image: 'TaharezLook/ListboxBottomLeft' (034B0E58) of type: BasicImage
29/04/2015 14:51:54 (Std) 	[ImageManager] Created image: 'TaharezLook/ListboxBottomRight' (034B0F48) of type: BasicImage
29/04/2015 14:51:54 (Std) 	[ImageManager] Created image: 'TaharezLook/ListboxBackdrop' (034B1038) of type: BasicImage
29/04/2015 14:51:54 (Std) 	[ImageManager] Created image: 'TaharezLook/ListboxSelectionBrush' (034B1128) of type: BasicImage
29/04/2015 14:51:54 (Std) 	[ImageManager] Created image: 'TaharezLook/ComboboxEditLeft' (034B1218) of type: BasicImage
29/04/2015 14:51:54 (Std) 	[ImageManager] Created image: 'TaharezLook/ComboboxEditMiddle' (034B1308) of type: BasicImage
29/04/2015 14:51:54 (Std) 	[ImageManager] Created image: 'TaharezLook/ComboboxListButtonNormal' (034B13F8) of type: BasicImage
29/04/2015 14:51:54 (Std) 	[ImageManager] Created image: 'TaharezLook/ComboboxListButtonHover' (034B14E8) of type: BasicImage
29/04/2015 14:51:54 (Std) 	[ImageManager] Created image: 'TaharezLook/ComboboxListLeft' (034B15D8) of type: BasicImage
29/04/2015 14:51:54 (Std) 	[ImageManager] Created image: 'TaharezLook/ComboboxListRight' (034B36E8) of type: BasicImage
29/04/2015 14:51:54 (Std) 	[ImageManager] Created image: 'TaharezLook/ComboboxListTop' (034B37D8) of type: BasicImage
29/04/2015 14:51:54 (Std) 	[ImageManager] Created image: 'TaharezLook/ComboboxListBottom' (034B38C8) of type: BasicImage
29/04/2015 14:51:54 (Std) 	[ImageManager] Created image: 'TaharezLook/ComboboxListTopLeft' (034B39B8) of type: BasicImage
29/04/2015 14:51:54 (Std) 	[ImageManager] Created image: 'TaharezLook/ComboboxListTopRight' (034B3AA8) of type: BasicImage
29/04/2015 14:51:54 (Std) 	[ImageManager] Created image: 'TaharezLook/ComboboxListBottomLeft' (034B3B98) of type: BasicImage
29/04/2015 14:51:54 (Std) 	[ImageManager] Created image: 'TaharezLook/ComboboxListBottomRight' (034B3C88) of type: BasicImage
29/04/2015 14:51:54 (Std) 	[ImageManager] Created image: 'TaharezLook/ComboboxListBackdrop' (034B3D78) of type: BasicImage
29/04/2015 14:51:54 (Std) 	[ImageManager] Created image: 'TaharezLook/ComboboxSelectionBrush' (034B3E68) of type: BasicImage
29/04/2015 14:51:54 (Std) 	[ImageManager] Created image: 'TaharezLook/ComboboxDividerLeft' (034B3F58) of type: BasicImage
29/04/2015 14:51:54 (Std) 	[ImageManager] Created image: 'TaharezLook/ComboboxDividerMiddle' (034B4048) of type: BasicImage
29/04/2015 14:51:54 (Std) 	[ImageManager] Created image: 'TaharezLook/ComboboxDividerRight' (034B4138) of type: BasicImage
29/04/2015 14:51:54 (Std) 	[ImageManager] Created image: 'TaharezLook/HeaderBarBackdropNormal' (034B4228) of type: BasicImage
29/04/2015 14:51:54 (Std) 	[ImageManager] Created image: 'TaharezLook/HeaderBarBackdropHover' (034B4318) of type: BasicImage
29/04/2015 14:51:54 (Std) 	[ImageManager] Created image: 'TaharezLook/HeaderBarSplitterNormal' (034B4408) of type: BasicImage
29/04/2015 14:51:54 (Std) 	[ImageManager] Created image: 'TaharezLook/HeaderBarSplitterHover' (034B44F8) of type: BasicImage
29/04/2015 14:51:54 (Std) 	[ImageManager] Created image: 'TaharezLook/HeaderBarSortUp' (034B45E8) of type: BasicImage
29/04/2015 14:51:54 (Std) 	[ImageManager] Created image: 'TaharezLook/HeaderBarSortDown' (034B46D8) of type: BasicImage
29/04/2015 14:51:54 (Std) 	[ImageManager] Created image: 'TaharezLook/MultiListLeft' (034B47C8) of type: BasicImage
29/04/2015 14:51:54 (Std) 	[ImageManager] Created image: 'TaharezLook/MultiListRight' (034B48B8) of type: BasicImage
29/04/2015 14:51:54 (Std) 	[ImageManager] Created image: 'TaharezLook/MultiListTop' (034B49A8) of type: BasicImage
29/04/2015 14:51:54 (Std) 	[ImageManager] Created image: 'TaharezLook/MultiListBottom' (034B4A98) of type: BasicImage
29/04/2015 14:51:54 (Std) 	[ImageManager] Created image: 'TaharezLook/MultiListTopLeft' (034B4B88) of type: BasicImage
29/04/2015 14:51:54 (Std) 	[ImageManager] Created image: 'TaharezLook/MultiListTopRight' (034B4C78) of type: BasicImage
29/04/2015 14:51:54 (Std) 	[ImageManager] Created image: 'TaharezLook/MultiListBottomLeft' (034B4D68) of type: BasicImage
29/04/2015 14:51:54 (Std) 	[ImageManager] Created image: 'TaharezLook/MultiListBottomRight' (034B4E58) of type: BasicImage
29/04/2015 14:51:54 (Std) 	[ImageManager] Created image: 'TaharezLook/MultiListBackdrop' (034B4F48) of type: BasicImage
29/04/2015 14:51:54 (Std) 	[ImageManager] Created image: 'TaharezLook/MultiListSelectionBrush' (034B5038) of type: BasicImage
29/04/2015 14:51:54 (Std) 	[ImageManager] Created image: 'TaharezLook/AltProgressLeft' (034B5128) of type: BasicImage
29/04/2015 14:51:54 (Std) 	[ImageManager] Created image: 'TaharezLook/AltProgressMiddle' (034B5218) of type: BasicImage
29/04/2015 14:51:54 (Std) 	[ImageManager] Created image: 'TaharezLook/AltProgressRight' (034B5308) of type: BasicImage
29/04/2015 14:51:54 (Std) 	[ImageManager] Created image: 'TaharezLook/AltProgressQuarter' (034B53F8) of type: BasicImage
29/04/2015 14:51:54 (Std) 	[ImageManager] Created image: 'TaharezLook/AltProgressHalf' (034B54E8) of type: BasicImage
29/04/2015 14:51:54 (Std) 	[ImageManager] Created image: 'TaharezLook/AltProgressLight1' (034B55D8) of type: BasicImage
29/04/2015 14:51:54 (Std) 	[ImageManager] Created image: 'TaharezLook/AltProgressLight2' (034B9088) of type: BasicImage
29/04/2015 14:51:54 (Std) 	[ImageManager] Created image: 'TaharezLook/AltProgressLight3' (034B9178) of type: BasicImage
29/04/2015 14:51:54 (Std) 	[ImageManager] Created image: 'TaharezLook/AltProgressLight4' (034B9268) of type: BasicImage
29/04/2015 14:51:54 (Std) 	[ImageManager] Created image: 'TaharezLook/AltProgressLight5' (034B9358) of type: BasicImage
29/04/2015 14:51:54 (Std) 	[ImageManager] Created image: 'TaharezLook/AltProgressLight6' (034B9448) of type: BasicImage
29/04/2015 14:51:54 (Std) 	[ImageManager] Created image: 'TaharezLook/AltProgressLight7' (034B9538) of type: BasicImage
29/04/2015 14:51:54 (Std) 	[ImageManager] Created image: 'TaharezLook/AltProgressLight8' (034B9628) of type: BasicImage
29/04/2015 14:51:54 (Std) 	[ImageManager] Created image: 'TaharezLook/AltProgressLight9' (034B9718) of type: BasicImage
29/04/2015 14:51:54 (Std) 	[ImageManager] Created image: 'TaharezLook/AltProgressLight10' (034B9808) of type: BasicImage
29/04/2015 14:51:54 (Std) 	[ImageManager] Created image: 'TaharezLook/CloseButtonNormal' (034B98F8) of type: BasicImage
29/04/2015 14:51:54 (Std) 	[ImageManager] Created image: 'TaharezLook/CloseButtonHover' (034B99E8) of type: BasicImage
29/04/2015 14:51:54 (Std) 	[ImageManager] Created image: 'TaharezLook/CloseButtonPressed' (034B9AD8) of type: BasicImage
29/04/2015 14:51:54 (Std) 	[ImageManager] Created image: 'TaharezLook/NewCloseButtonNormal' (034B9BC8) of type: BasicImage
29/04/2015 14:51:54 (Std) 	[ImageManager] Created image: 'TaharezLook/NewCloseButtonHover' (034B9CB8) of type: BasicImage
29/04/2015 14:51:54 (Std) 	[ImageManager] Created image: 'TaharezLook/NewCloseButtonPressed' (034B9DA8) of type: BasicImage
29/04/2015 14:51:54 (Std) 	[ImageManager] Created image: 'TaharezLook/MultiLineEditboxLeft' (034B9E98) of type: BasicImage
29/04/2015 14:51:54 (Std) 	[ImageManager] Created image: 'TaharezLook/MultiLineEditboxRight' (034B9F88) of type: BasicImage
29/04/2015 14:51:54 (Std) 	[ImageManager] Created image: 'TaharezLook/MultiLineEditboxTop' (034BA078) of type: BasicImage
29/04/2015 14:51:54 (Std) 	[ImageManager] Created image: 'TaharezLook/MultiLineEditboxBottom' (034BA168) of type: BasicImage
29/04/2015 14:51:54 (Std) 	[ImageManager] Created image: 'TaharezLook/MultiLineEditboxTopLeft' (034BA258) of type: BasicImage
29/04/2015 14:51:54 (Std) 	[ImageManager] Created image: 'TaharezLook/MultiLineEditboxTopRight' (034BA348) of type: BasicImage
29/04/2015 14:51:54 (Std) 	[ImageManager] Created image: 'TaharezLook/MultiLineEditboxBottomLeft' (034BA438) of type: BasicImage
29/04/2015 14:51:54 (Std) 	[ImageManager] Created image: 'TaharezLook/MultiLineEditboxBottomRight' (034BA528) of type: BasicImage
29/04/2015 14:51:54 (Std) 	[ImageManager] Created image: 'TaharezLook/MultiLineEditboxBackdrop' (034BA618) of type: BasicImage
29/04/2015 14:51:54 (Std) 	[ImageManager] Created image: 'TaharezLook/MultiLineEditboxSelectionBrush' (034BA708) of type: BasicImage
29/04/2015 14:51:54 (Std) 	[ImageManager] Created image: 'TaharezLook/MouseTarget' (034BA7F8) of type: BasicImage
29/04/2015 14:51:54 (Std) 	[ImageManager] Created image: 'TaharezLook/MouseArrow' (034BA8E8) of type: BasicImage
29/04/2015 14:51:54 (Std) 	[ImageManager] Created image: 'TaharezLook/MouseMoveCursor' (034BA9D8) of type: BasicImage
29/04/2015 14:51:54 (Std) 	[ImageManager] Created image: 'TaharezLook/MouseNoSoCursor' (034BAAC8) of type: BasicImage
29/04/2015 14:51:54 (Std) 	[ImageManager] Created image: 'TaharezLook/MouseEsWeCursor' (034BABB8) of type: BasicImage
29/04/2015 14:51:54 (Std) 	[ImageManager] Created image: 'TaharezLook/MouseNeSwCursor' (034BACA8) of type: BasicImage
29/04/2015 14:51:54 (Std) 	[ImageManager] Created image: 'TaharezLook/MouseNwSeCursor' (034BAD98) of type: BasicImage
29/04/2015 14:51:54 (Std) 	[ImageManager] Created image: 'TaharezLook/MouseTextBar' (034BAE88) of type: BasicImage
29/04/2015 14:51:54 (Std) 	[ImageManager] Created image: 'TaharezLook/TabHorizontalFiller' (034BAF78) of type: BasicImage
29/04/2015 14:51:54 (Std) 	[ImageManager] Created image: 'TaharezLook/TabContentPaneUpperLeft' (034BD088) of type: BasicImage
29/04/2015 14:51:54 (Std) 	[ImageManager] Created image: 'TaharezLook/TabContentPaneUpper' (034BD178) of type: BasicImage
29/04/2015 14:51:54 (Std) 	[ImageManager] Created image: 'TaharezLook/TabContentPaneUpperRight' (034BD268) of type: BasicImage
29/04/2015 14:51:54 (Std) 	[ImageManager] Created image: 'TaharezLook/TabContentPaneLeft' (034BD358) of type: BasicImage
29/04/2015 14:51:54 (Std) 	[ImageManager] Created image: 'TaharezLook/TabContentPaneRight' (034BD448) of type: BasicImage
29/04/2015 14:51:54 (Std) 	[ImageManager] Created image: 'TaharezLook/TabContentPaneLower' (034BD538) of type: BasicImage
29/04/2015 14:51:54 (Std) 	[ImageManager] Created image: 'TaharezLook/TabContentPaneLowerLeft' (034BD628) of type: BasicImage
29/04/2015 14:51:54 (Std) 	[ImageManager] Created image: 'TaharezLook/TabContentPaneLowerRight' (034BD718) of type: BasicImage
29/04/2015 14:51:54 (Std) 	[ImageManager] Created image: 'TaharezLook/TabContentPaneMiddle' (034BD808) of type: BasicImage
29/04/2015 14:51:54 (Std) 	[ImageManager] Created image: 'TaharezLook/TabButtonScrollLeftNormal' (034BD8F8) of type: BasicImage
29/04/2015 14:51:54 (Std) 	[ImageManager] Created image: 'TaharezLook/TabButtonScrollRightNormal' (034BD9E8) of type: BasicImage
29/04/2015 14:51:54 (Std) 	[ImageManager] Created image: 'TaharezLook/TabButtonScrollLeftHover' (034BDAD8) of type: BasicImage
29/04/2015 14:51:54 (Std) 	[ImageManager] Created image: 'TaharezLook/TabButtonScrollRightHover' (034BDBC8) of type: BasicImage
29/04/2015 14:51:54 (Std) 	[ImageManager] Created image: 'TaharezLook/TabButtonLeftNormal' (034BDCB8) of type: BasicImage
29/04/2015 14:51:54 (Std) 	[ImageManager] Created image: 'TaharezLook/TabButtonRightNormal' (034BDDA8) of type: BasicImage
29/04/2015 14:51:54 (Std) 	[ImageManager] Created image: 'TaharezLook/TabButtonUpperNormal' (034BDE98) of type: BasicImage
29/04/2015 14:51:54 (Std) 	[ImageManager] Created image: 'TaharezLook/TabButtonLowerNormal' (034BDF88) of type: BasicImage
29/04/2015 14:51:54 (Std) 	[ImageManager] Created image: 'TaharezLook/TabButtonUpperLeftNormal' (034BE078) of type: BasicImage
29/04/2015 14:51:54 (Std) 	[ImageManager] Created image: 'TaharezLook/TabButtonUpperLeft2Normal' (034BE168) of type: BasicImage
29/04/2015 14:51:54 (Std) 	[ImageManager] Created image: 'TaharezLook/TabButtonUpperRightNormal' (034BE258) of type: BasicImage
29/04/2015 14:51:54 (Std) 	[ImageManager] Created image: 'TaharezLook/TabButtonLowerLeftNormal' (034BE348) of type: BasicImage
29/04/2015 14:51:54 (Std) 	[ImageManager] Created image: 'TaharezLook/TabButtonLowerRightNormal' (034BE438) of type: BasicImage
29/04/2015 14:51:54 (Std) 	[ImageManager] Created image: 'TaharezLook/TabButtonLowerRight2Normal' (034BE528) of type: BasicImage
29/04/2015 14:51:54 (Std) 	[ImageManager] Created image: 'TaharezLook/TabButtonMiddleNormal' (034BE618) of type: BasicImage
29/04/2015 14:51:54 (Std) 	[ImageManager] Created image: 'TaharezLook/TabButtonLeftSelected' (034BE708) of type: BasicImage
29/04/2015 14:51:54 (Std) 	[ImageManager] Created image: 'TaharezLook/TabButtonRightSelected' (034BE7F8) of type: BasicImage
29/04/2015 14:51:54 (Std) 	[ImageManager] Created image: 'TaharezLook/TabButtonUpperSelected' (034BE8E8) of type: BasicImage
29/04/2015 14:51:54 (Std) 	[ImageManager] Created image: 'TaharezLook/TabButtonLowerSelected' (034BE9D8) of type: BasicImage
29/04/2015 14:51:54 (Std) 	[ImageManager] Created image: 'TaharezLook/TabButtonUpperLeftSelected' (034BEAC8) of type: BasicImage
29/04/2015 14:51:54 (Std) 	[ImageManager] Created image: 'TaharezLook/TabButtonUpperRightSelected' (034BEBB8) of type: BasicImage
29/04/2015 14:51:54 (Std) 	[ImageManager] Created image: 'TaharezLook/TabButtonLowerLeftSelected' (034BECA8) of type: BasicImage
29/04/2015 14:51:54 (Std) 	[ImageManager] Created image: 'TaharezLook/TabButtonLowerRightSelected' (034BED98) of type: BasicImage
29/04/2015 14:51:54 (Std) 	[ImageManager] Created image: 'TaharezLook/TabButtonMiddleSelected' (034BEE88) of type: BasicImage
29/04/2015 14:51:54 (Std) 	[ImageManager] Created image: 'TaharezLook/TooltipTopLeft' (034BEF78) of type: BasicImage
29/04/2015 14:51:54 (Std) 	[ImageManager] Created image: 'TaharezLook/TooltipTopRight' (034C3088) of type: BasicImage
29/04/2015 14:51:54 (Std) 	[ImageManager] Created image: 'TaharezLook/TooltipBottomLeft' (034C3178) of type: BasicImage
29/04/2015 14:51:54 (Std) 	[ImageManager] Created image: 'TaharezLook/TooltipBottomRight' (034C3268) of type: BasicImage
29/04/2015 14:51:54 (Std) 	[ImageManager] Created image: 'TaharezLook/TooltipLeftEdge' (034C3358) of type: BasicImage
29/04/2015 14:51:54 (Std) 	[ImageManager] Created image: 'TaharezLook/TooltipRightEdge' (034C3448) of type: BasicImage
29/04/2015 14:51:54 (Std) 	[ImageManager] Created image: 'TaharezLook/TooltipTopEdge' (034C3538) of type: BasicImage
29/04/2015 14:51:54 (Std) 	[ImageManager] Created image: 'TaharezLook/TooltipBottomEdge' (034C3628) of type: BasicImage
29/04/2015 14:51:54 (Std) 	[ImageManager] Created image: 'TaharezLook/TooltipMiddle' (034C3718) of type: BasicImage
29/04/2015 14:51:54 (Std) 	[ImageManager] Created image: 'TaharezLook/MenuTopLeft' (034C3808) of type: BasicImage
29/04/2015 14:51:54 (Std) 	[ImageManager] Created image: 'TaharezLook/MenuTopRight' (034C38F8) of type: BasicImage
29/04/2015 14:51:54 (Std) 	[ImageManager] Created image: 'TaharezLook/MenuBottomLeft' (034C39E8) of type: BasicImage
29/04/2015 14:51:54 (Std) 	[ImageManager] Created image: 'TaharezLook/MenuBottomRight' (034C3AD8) of type: BasicImage
29/04/2015 14:51:54 (Std) 	[ImageManager] Created image: 'TaharezLook/MenuLeft' (034C3BC8) of type: BasicImage
29/04/2015 14:51:54 (Std) 	[ImageManager] Created image: 'TaharezLook/MenuRight' (034C3CB8) of type: BasicImage
29/04/2015 14:51:54 (Std) 	[ImageManager] Created image: 'TaharezLook/MenuTop' (034C3DA8) of type: BasicImage
29/04/2015 14:51:54 (Std) 	[ImageManager] Created image: 'TaharezLook/MenuBottom' (034C3E98) of type: BasicImage
29/04/2015 14:51:54 (Std) 	[ImageManager] Created image: 'TaharezLook/MenuMiddle' (034C3F88) of type: BasicImage
29/04/2015 14:51:54 (Std) 	[ImageManager] Created image: 'TaharezLook/PopupMenuFrameTopLeft' (034C4078) of type: BasicImage
29/04/2015 14:51:54 (Std) 	[ImageManager] Created image: 'TaharezLook/PopupMenuFrameTopRight' (034C4168) of type: BasicImage
29/04/2015 14:51:54 (Std) 	[ImageManager] Created image: 'TaharezLook/PopupMenuFrameBottomLeft' (034C4258) of type: BasicImage
29/04/2015 14:51:54 (Std) 	[ImageManager] Created image: 'TaharezLook/PopupMenuFrameBottomRight' (034C4348) of type: BasicImage
29/04/2015 14:51:54 (Std) 	[ImageManager] Created image: 'TaharezLook/PopupMenuFrameLeft' (034C4438) of type: BasicImage
29/04/2015 14:51:54 (Std) 	[ImageManager] Created image: 'TaharezLook/PopupMenuFrameRight' (034C4528) of type: BasicImage
29/04/2015 14:51:54 (Std) 	[ImageManager] Created image: 'TaharezLook/PopupMenuFrameTop' (034C4618) of type: BasicImage
29/04/2015 14:51:54 (Std) 	[ImageManager] Created image: 'TaharezLook/PopupMenuFrameBottom' (034C4708) of type: BasicImage
29/04/2015 14:51:54 (Std) 	[ImageManager] Created image: 'TaharezLook/PopupMenuMiddle' (034C47F8) of type: BasicImage
29/04/2015 14:51:54 (Std) 	[ImageManager] Created image: 'TaharezLook/PopupMenuArrowRight' (034C48E8) of type: BasicImage
29/04/2015 14:51:54 (Std) 	[ImageManager] Created image: 'TaharezLook/PopupMenuArrowLeft' (034C49D8) of type: BasicImage
29/04/2015 14:51:54 (Std) 	[ImageManager] Created image: 'TaharezLook/TreeListClosed' (034C4AC8) of type: BasicImage
29/04/2015 14:51:54 (Std) 	[ImageManager] Created image: 'TaharezLook/TreeListOpened' (034C4BB8) of type: BasicImage
29/04/2015 14:51:54 (Std) 	===== Falagard 'root' element: look and feel parsing begins =====
29/04/2015 14:51:54 (Std) 	===== Look and feel parsing completed =====
29/04/2015 14:51:54 (Std) 	No window renderer factories specified for module 'CEGUICoreWindowRendererSet' - adding all available factories...
29/04/2015 14:51:54 (Std) 	Created WindowRendererFactory for 'Core/Button' WindowRenderers.
29/04/2015 14:51:54 (Std) 	WindowRendererFactory 'Core/Button' added. (082CD9F0)
29/04/2015 14:51:54 (Std) 	Created WindowRendererFactory for 'Core/Default' WindowRenderers.
29/04/2015 14:51:54 (Std) 	WindowRendererFactory 'Core/Default' added. (082CDA98)
29/04/2015 14:51:54 (Std) 	Created WindowRendererFactory for 'Core/Editbox' WindowRenderers.
29/04/2015 14:51:54 (Std) 	WindowRendererFactory 'Core/Editbox' added. (082CDB40)
29/04/2015 14:51:54 (Std) 	Created WindowRendererFactory for 'Core/FrameWindow' WindowRenderers.
29/04/2015 14:51:54 (Std) 	WindowRendererFactory 'Core/FrameWindow' added. (082CDBE8)
29/04/2015 14:51:54 (Std) 	Created WindowRendererFactory for 'Core/ItemEntry' WindowRenderers.
29/04/2015 14:51:54 (Std) 	WindowRendererFactory 'Core/ItemEntry' added. (082CDC90)
29/04/2015 14:51:54 (Std) 	Created WindowRendererFactory for 'Core/ListHeader' WindowRenderers.
29/04/2015 14:51:54 (Std) 	WindowRendererFactory 'Core/ListHeader' added. (082CDD38)
29/04/2015 14:51:54 (Std) 	Created WindowRendererFactory for 'Core/ListHeaderSegment' WindowRenderers.
29/04/2015 14:51:54 (Std) 	WindowRendererFactory 'Core/ListHeaderSegment' added. (082CDDE0)
29/04/2015 14:51:54 (Std) 	Created WindowRendererFactory for 'Core/Listbox' WindowRenderers.
29/04/2015 14:51:54 (Std) 	WindowRendererFactory 'Core/Listbox' added. (082CDE88)
29/04/2015 14:51:54 (Std) 	Created WindowRendererFactory for 'Core/Menubar' WindowRenderers.
29/04/2015 14:51:54 (Std) 	WindowRendererFactory 'Core/Menubar' added. (082CDF30)
29/04/2015 14:51:54 (Std) 	Created WindowRendererFactory for 'Core/MenuItem' WindowRenderers.
29/04/2015 14:51:54 (Std) 	WindowRendererFactory 'Core/MenuItem' added. (082CDFD8)
29/04/2015 14:51:54 (Std) 	Created WindowRendererFactory for 'Core/MultiColumnList' WindowRenderers.
29/04/2015 14:51:54 (Std) 	WindowRendererFactory 'Core/MultiColumnList' added. (082CE080)
29/04/2015 14:51:54 (Std) 	Created WindowRendererFactory for 'Core/MultiLineEditbox' WindowRenderers.
29/04/2015 14:51:54 (Std) 	WindowRendererFactory 'Core/MultiLineEditbox' added. (082CE128)
29/04/2015 14:51:54 (Std) 	Created WindowRendererFactory for 'Core/PopupMenu' WindowRenderers.
29/04/2015 14:51:54 (Std) 	WindowRendererFactory 'Core/PopupMenu' added. (082CE1D0)
29/04/2015 14:51:54 (Std) 	Created WindowRendererFactory for 'Core/ProgressBar' WindowRenderers.
29/04/2015 14:51:54 (Std) 	WindowRendererFactory 'Core/ProgressBar' added. (082CE278)
29/04/2015 14:51:54 (Std) 	Created WindowRendererFactory for 'Core/ScrollablePane' WindowRenderers.
29/04/2015 14:51:54 (Std) 	WindowRendererFactory 'Core/ScrollablePane' added. (082CE320)
29/04/2015 14:51:54 (Std) 	Created WindowRendererFactory for 'Core/Scrollbar' WindowRenderers.
29/04/2015 14:51:54 (Std) 	WindowRendererFactory 'Core/Scrollbar' added. (082CE3C8)
29/04/2015 14:51:54 (Std) 	Created WindowRendererFactory for 'Core/Slider' WindowRenderers.
29/04/2015 14:51:54 (Std) 	WindowRendererFactory 'Core/Slider' added. (082CE470)
29/04/2015 14:51:54 (Std) 	Created WindowRendererFactory for 'Core/Static' WindowRenderers.
29/04/2015 14:51:54 (Std) 	WindowRendererFactory 'Core/Static' added. (082CE518)
29/04/2015 14:51:54 (Std) 	Created WindowRendererFactory for 'Core/StaticImage' WindowRenderers.
29/04/2015 14:51:54 (Std) 	WindowRendererFactory 'Core/StaticImage' added. (082CE5C0)
29/04/2015 14:51:54 (Std) 	Created WindowRendererFactory for 'Core/StaticText' WindowRenderers.
29/04/2015 14:51:54 (Std) 	WindowRendererFactory 'Core/StaticText' added. (082CE668)
29/04/2015 14:51:54 (Std) 	Created WindowRendererFactory for 'Core/TabButton' WindowRenderers.
29/04/2015 14:51:54 (Std) 	WindowRendererFactory 'Core/TabButton' added. (082CE710)
29/04/2015 14:51:54 (Std) 	Created WindowRendererFactory for 'Core/TabControl' WindowRenderers.
29/04/2015 14:51:54 (Std) 	WindowRendererFactory 'Core/TabControl' added. (082CE7B8)
29/04/2015 14:51:54 (Std) 	Created WindowRendererFactory for 'Core/Titlebar' WindowRenderers.
29/04/2015 14:51:54 (Std) 	WindowRendererFactory 'Core/Titlebar' added. (082CE860)
29/04/2015 14:51:54 (Std) 	Created WindowRendererFactory for 'Core/ToggleButton' WindowRenderers.
29/04/2015 14:51:54 (Std) 	WindowRendererFactory 'Core/ToggleButton' added. (082CE908)
29/04/2015 14:51:54 (Std) 	Created WindowRendererFactory for 'Core/Tooltip' WindowRenderers.
29/04/2015 14:51:54 (Std) 	WindowRendererFactory 'Core/Tooltip' added. (082CE9B0)
29/04/2015 14:51:54 (Std) 	Created WindowRendererFactory for 'Core/ItemListbox' WindowRenderers.
29/04/2015 14:51:54 (Std) 	WindowRendererFactory 'Core/ItemListbox' added. (03448860)
29/04/2015 14:51:54 (Std) 	Created WindowRendererFactory for 'Core/Tree' WindowRenderers.
29/04/2015 14:51:54 (Std) 	WindowRendererFactory 'Core/Tree' added. (03448908)
29/04/2015 14:51:54 (Std) 	Creating falagard mapping for type 'TaharezLook/Label' using base type 'DefaultWindow', window renderer 'Core/Default' Look'N'Feel 'TaharezLook/Label' and RenderEffect ''. (0043D5D8)
29/04/2015 14:51:54 (Std) 	Creating falagard mapping for type 'TaharezLook/Button' using base type 'CEGUI/PushButton', window renderer 'Core/Button' Look'N'Feel 'TaharezLook/Button' and RenderEffect ''. (0043D5D8)
29/04/2015 14:51:54 (Std) 	Creating falagard mapping for type 'TaharezLook/Checkbox' using base type 'CEGUI/ToggleButton', window renderer 'Core/ToggleButton' Look'N'Feel 'TaharezLook/Checkbox' and RenderEffect ''. (0043D5D8)
29/04/2015 14:51:54 (Std) 	Creating falagard mapping for type 'TaharezLook/ImageButton' using base type 'CEGUI/PushButton', window renderer 'Core/Button' Look'N'Feel 'TaharezLook/ImageButton' and RenderEffect ''. (0043D5D8)
29/04/2015 14:51:54 (Std) 	Creating falagard mapping for type 'TaharezLook/RadioButton' using base type 'CEGUI/RadioButton', window renderer 'Core/ToggleButton' Look'N'Feel 'TaharezLook/RadioButton' and RenderEffect ''. (0043D5D8)
29/04/2015 14:51:54 (Std) 	Creating falagard mapping for type 'TaharezLook/FrameWindow' using base type 'CEGUI/FrameWindow', window renderer 'Core/FrameWindow' Look'N'Feel 'TaharezLook/FrameWindow' and RenderEffect ''. (0043D5D8)
29/04/2015 14:51:54 (Std) 	Creating falagard mapping for type 'TaharezLook/Titlebar' using base type 'CEGUI/Titlebar', window renderer 'Core/Titlebar' Look'N'Feel 'TaharezLook/Titlebar' and RenderEffect ''. (0043D5D8)
29/04/2015 14:51:54 (Std) 	Creating falagard mapping for type 'TaharezLook/Editbox' using base type 'CEGUI/Editbox', window renderer 'Core/Editbox' Look'N'Feel 'TaharezLook/Editbox' and RenderEffect ''. (0043D5D8)
29/04/2015 14:51:54 (Std) 	Creating falagard mapping for type 'TaharezLook/MultiLineEditbox' using base type 'CEGUI/MultiLineEditbox', window renderer 'Core/MultiLineEditbox' Look'N'Feel 'TaharezLook/MultiLineEditbox' and RenderEffect ''. (0043D5D8)
29/04/2015 14:51:54 (Std) 	Creating falagard mapping for type 'TaharezLook/Menubar' using base type 'CEGUI/Menubar', window renderer 'Core/Menubar' Look'N'Feel 'TaharezLook/Menubar' and RenderEffect ''. (0043D5D8)
29/04/2015 14:51:54 (Std) 	Creating falagard mapping for type 'TaharezLook/PopupMenu' using base type 'CEGUI/PopupMenu', window renderer 'Core/PopupMenu' Look'N'Feel 'TaharezLook/PopupMenu' and RenderEffect ''. (0043D5D8)
29/04/2015 14:51:54 (Std) 	Creating falagard mapping for type 'TaharezLook/MenuItem' using base type 'CEGUI/MenuItem', window renderer 'Core/MenuItem' Look'N'Feel 'TaharezLook/MenuItem' and RenderEffect ''. (0043D5D8)
29/04/2015 14:51:54 (Std) 	Creating falagard mapping for type 'TaharezLook/AlternateProgressBar' using base type 'CEGUI/ProgressBar', window renderer 'Core/ProgressBar' Look'N'Feel 'TaharezLook/AltProgressBar' and RenderEffect ''. (0043D5D8)
29/04/2015 14:51:54 (Std) 	Creating falagard mapping for type 'TaharezLook/ProgressBar' using base type 'CEGUI/ProgressBar', window renderer 'Core/ProgressBar' Look'N'Feel 'TaharezLook/ProgressBar' and RenderEffect ''. (0043D5D8)
29/04/2015 14:51:54 (Std) 	Creating falagard mapping for type 'TaharezLook/VUMeter' using base type 'CEGUI/ProgressBar', window renderer 'Core/ProgressBar' Look'N'Feel 'TaharezLook/VUMeter' and RenderEffect ''. (0043D5D8)
29/04/2015 14:51:54 (Std) 	Creating falagard mapping for type 'TaharezLook/VerticalScrollbar' using base type 'CEGUI/Scrollbar', window renderer 'Core/Scrollbar' Look'N'Feel 'TaharezLook/VerticalScrollbar' and RenderEffect ''. (0043D5D8)
29/04/2015 14:51:54 (Std) 	Creating falagard mapping for type 'TaharezLook/HorizontalScrollbar' using base type 'CEGUI/Scrollbar', window renderer 'Core/Scrollbar' Look'N'Feel 'TaharezLook/HorizontalScrollbar' and RenderEffect ''. (0043D5D8)
29/04/2015 14:51:54 (Std) 	Creating falagard mapping for type 'TaharezLook/VerticalScrollbarThumb' using base type 'CEGUI/Thumb', window renderer 'Core/Button' Look'N'Feel 'TaharezLook/VerticalScrollbarThumb' and RenderEffect ''. (0043D5D8)
29/04/2015 14:51:54 (Std) 	Creating falagard mapping for type 'TaharezLook/HorizontalScrollbarThumb' using base type 'CEGUI/Thumb', window renderer 'Core/Button' Look'N'Feel 'TaharezLook/HorizontalScrollbarThumb' and RenderEffect ''. (0043D5D8)
29/04/2015 14:51:54 (Std) 	Creating falagard mapping for type 'TaharezLook/LargeVerticalScrollbar' using base type 'CEGUI/Scrollbar', window renderer 'Core/Scrollbar' Look'N'Feel 'TaharezLook/LargeVerticalScrollbar' and RenderEffect ''. (0043D5D8)
29/04/2015 14:51:54 (Std) 	Creating falagard mapping for type 'TaharezLook/LargeVerticalScrollbarThumb' using base type 'CEGUI/Thumb', window renderer 'Core/Button' Look'N'Feel 'TaharezLook/LargeVerticalScrollbarThumb' and RenderEffect ''. (0043D5D8)
29/04/2015 14:51:54 (Std) 	Creating falagard mapping for type 'TaharezLook/TabButton' using base type 'CEGUI/TabButton', window renderer 'Core/TabButton' Look'N'Feel 'TaharezLook/TabButton' and RenderEffect ''. (0043D5D8)
29/04/2015 14:51:54 (Std) 	Creating falagard mapping for type 'TaharezLook/TabControl' using base type 'CEGUI/TabControl', window renderer 'Core/TabControl' Look'N'Feel 'TaharezLook/TabControl' and RenderEffect ''. (0043D5D8)
29/04/2015 14:51:54 (Std) 	Creating falagard mapping for type 'TaharezLook/TabContentPane' using base type 'DefaultWindow', window renderer 'Core/Default' Look'N'Feel 'TaharezLook/TabContentPane' and RenderEffect ''. (0043D5D8)
29/04/2015 14:51:54 (Std) 	Creating falagard mapping for type 'TaharezLook/TabButtonPane' using base type 'DefaultWindow', window renderer 'Core/Default' Look'N'Feel 'TaharezLook/TabButtonPane' and RenderEffect ''. (0043D5D8)
29/04/2015 14:51:54 (Std) 	Creating falagard mapping for type 'TaharezLook/ComboDropList' using base type 'CEGUI/ComboDropList', window renderer 'Core/Listbox' Look'N'Feel 'TaharezLook/ComboDropList' and RenderEffect ''. (0043D5D8)
29/04/2015 14:51:54 (Std) 	Creating falagard mapping for type 'TaharezLook/ComboEditbox' using base type 'CEGUI/Editbox', window renderer 'Core/Editbox' Look'N'Feel 'TaharezLook/ComboEditbox' and RenderEffect ''. (0043D5D8)
29/04/2015 14:51:54 (Std) 	Creating falagard mapping for type 'TaharezLook/Combobox' using base type 'CEGUI/Combobox', window renderer 'Core/Default' Look'N'Feel 'TaharezLook/Combobox' and RenderEffect ''. (0043D5D8)
29/04/2015 14:51:54 (Std) 	Creating falagard mapping for type 'TaharezLook/Listbox' using base type 'CEGUI/Listbox', window renderer 'Core/Listbox' Look'N'Feel 'TaharezLook/Listbox' and RenderEffect ''. (0043D5D8)
29/04/2015 14:51:54 (Std) 	Creating falagard mapping for type 'TaharezLook/ListHeader' using base type 'CEGUI/ListHeader', window renderer 'Core/ListHeader' Look'N'Feel 'TaharezLook/ListHeader' and RenderEffect ''. (0043D5D8)
29/04/2015 14:51:54 (Std) 	Creating falagard mapping for type 'TaharezLook/ListHeaderSegment' using base type 'CEGUI/ListHeaderSegment', window renderer 'Core/ListHeaderSegment' Look'N'Feel 'TaharezLook/ListHeaderSegment' and RenderEffect ''. (0043D5D8)
29/04/2015 14:51:54 (Std) 	Creating falagard mapping for type 'TaharezLook/MultiColumnList' using base type 'CEGUI/MultiColumnList', window renderer 'Core/MultiColumnList' Look'N'Feel 'TaharezLook/MultiColumnList' and RenderEffect ''. (0043D5D8)
29/04/2015 14:51:54 (Std) 	Creating falagard mapping for type 'TaharezLook/Slider' using base type 'CEGUI/Slider', window renderer 'Core/Slider' Look'N'Feel 'TaharezLook/Slider' and RenderEffect ''. (0043D5D8)
29/04/2015 14:51:54 (Std) 	Creating falagard mapping for type 'TaharezLook/SliderThumb' using base type 'CEGUI/Thumb', window renderer 'Core/Button' Look'N'Feel 'TaharezLook/SliderThumb' and RenderEffect ''. (0043D5D8)
29/04/2015 14:51:54 (Std) 	Creating falagard mapping for type 'TaharezLook/ScrollablePane' using base type 'CEGUI/ScrollablePane', window renderer 'Core/ScrollablePane' Look'N'Feel 'TaharezLook/ScrollablePane' and RenderEffect ''. (0043D5D8)
29/04/2015 14:51:54 (Std) 	Creating falagard mapping for type 'TaharezLook/Spinner' using base type 'CEGUI/Spinner', window renderer 'Core/Default' Look'N'Feel 'TaharezLook/Spinner' and RenderEffect ''. (0043D5D8)
29/04/2015 14:51:54 (Std) 	Creating falagard mapping for type 'TaharezLook/Tooltip' using base type 'CEGUI/Tooltip', window renderer 'Core/Tooltip' Look'N'Feel 'TaharezLook/Tooltip' and RenderEffect ''. (0043D5D8)
29/04/2015 14:51:54 (Std) 	Creating falagard mapping for type 'TaharezLook/StaticImage' using base type 'DefaultWindow', window renderer 'Core/StaticImage' Look'N'Feel 'TaharezLook/StaticImage' and RenderEffect ''. (0043D5D8)
29/04/2015 14:51:54 (Std) 	Creating falagard mapping for type 'TaharezLook/StaticText' using base type 'DefaultWindow', window renderer 'Core/StaticText' Look'N'Feel 'TaharezLook/StaticText' and RenderEffect ''. (0043D5D8)
29/04/2015 14:51:54 (Std) 	Creating falagard mapping for type 'TaharezLook/ItemListbox' using base type 'CEGUI/ItemListbox', window renderer 'Core/ItemListbox' Look'N'Feel 'TaharezLook/ItemListbox' and RenderEffect ''. (0043D5D8)
29/04/2015 14:51:54 (Std) 	Creating falagard mapping for type 'TaharezLook/ListboxItem' using base type 'CEGUI/ItemEntry', window renderer 'Core/ItemEntry' Look'N'Feel 'TaharezLook/ListboxItem' and RenderEffect ''. (0043D5D8)
29/04/2015 14:51:54 (Std) 	Creating falagard mapping for type 'TaharezLook/GroupBox' using base type 'DefaultWindow', window renderer 'Core/Default' Look'N'Feel 'TaharezLook/GroupBox' and RenderEffect ''. (0043D5D8)
29/04/2015 14:51:54 (Std) 	Creating falagard mapping for type 'TaharezLook/Tree' using base type 'CEGUI/Tree', window renderer 'Core/Tree' Look'N'Feel 'TaharezLook/Tree' and RenderEffect ''. (0043D5D8)
29/04/2015 14:52:02 (Std) 	[OgreRenderer] Created texture: DefaultFont_auto_glyph_images_36864
29/04/2015 14:52:02 (Std) 	[OgreRenderer] Created texture: DefaultFont_auto_glyph_images_24064
29/04/2015 14:52:02 (Std) 	[OgreRenderer] Created texture: DefaultFont_auto_glyph_images_21248
29/04/2015 14:52:02 (Std) 	[OgreRenderer] Created texture: DefaultFont_auto_glyph_images_36353
29/04/2015 14:52:02 (Std) 	[OgreRenderer] Created texture: DefaultFont_auto_glyph_images_36608
29/04/2015 14:52:02 (Std) 	[OgreRenderer] Created texture: DefaultFont_auto_glyph_images_23809
29/04/2015 14:52:06 (Std) 	[OgreRenderer] Created texture: DefaultFont_auto_glyph_images_12288
29/04/2015 14:52:06 (Std) 	[OgreRenderer] Created texture: DefaultFont_auto_glyph_images_20736
29/04/2015 14:52:06 (Std) 	[OgreRenderer] Created texture: DefaultFont_auto_glyph_images_20992
29/04/2015 14:52:06 (Std) 	[OgreRenderer] Created texture: DefaultFont_auto_glyph_images_26112
29/04/2015 14:52:06 (Std) 	[OgreRenderer] Created texture: DefaultFont_auto_glyph_images_30208
29/04/2015 14:52:06 (Std) 	[OgreRenderer] Created texture: DefaultFont_auto_glyph_images_27136
29/04/2015 14:52:06 (Std) 	[OgreRenderer] Created texture: DefaultFont_auto_glyph_images_20224
29/04/2015 14:52:06 (Std) 	[OgreRenderer] Created texture: DefaultFont_auto_glyph_images_32566
29/04/2015 14:52:06 (Std) 	[OgreRenderer] Created texture: DefaultFont_auto_glyph_images_35073
29/04/2015 14:52:06 (Std) 	[OgreRenderer] Created texture: DefaultFont_auto_glyph_images_38263
29/04/2015 14:52:06 (Std) 	[OgreRenderer] Created texture: DefaultFont_auto_glyph_images_26368
29/04/2015 14:52:06 (Std) 	[OgreRenderer] Created texture: DefaultFont_auto_glyph_images_30976
29/04/2015 14:52:06 (Std) 	[OgreRenderer] Created texture: DefaultFont_auto_glyph_images_19968
29/04/2015 14:52:06 (Std) 	[OgreRenderer] Created texture: DefaultFont_auto_glyph_images_20480
29/04/2015 14:52:06 (Std) 	[OgreRenderer] Created texture: DefaultFont_auto_glyph_images_27394
29/04/2015 14:52:06 (Std) 	[OgreRenderer] Created texture: DefaultFont_auto_glyph_images_32
29/04/2015 14:52:06 (Std) 	[OgreRenderer] Created texture: DefaultFont_auto_glyph_images_24321
29/04/2015 14:52:06 (Std) 	[OgreRenderer] Created texture: DefaultFont_auto_glyph_images_25856
29/04/2015 14:52:06 (Std) 	[OgreRenderer] Created texture: DefaultFont_auto_glyph_images_22021
29/04/2015 14:52:06 (Std) 	[OgreRenderer] Created texture: DefaultFont_auto_glyph_images_25606
